2025-03-13 08:07:40,619 - __main__ - INFO - Тестовые транзакции сохранены в static/bank_statements/test_transactions.csv
2025-03-13 08:07:40,619 - bank_statement_parser - INFO - Инициализирован парсер банковских выписок с кэшем в директории: bank_statements_cache
2025-03-13 08:07:41,231 - bank_statement_parser - INFO - График сохранен в reports/bank_analytics/test\category_spending.png
2025-03-13 08:07:41,530 - bank_statement_parser - INFO - График сохранен в reports/bank_analytics/test\monthly_trend.png
2025-03-13 08:10:26,329 - __main__ - INFO - Тестовые транзакции сохранены в static/bank_statements/test_transactions.csv
2025-03-13 08:10:26,329 - bank_statement_parser - INFO - Инициализирован парсер банковских выписок с кэшем в директории: bank_statements_cache
2025-03-13 08:10:26,520 - bank_statement_parser - INFO - График сохранен в reports/bank_analytics/test\category_spending.png
2025-03-13 08:10:26,801 - bank_statement_parser - INFO - График сохранен в reports/bank_analytics/test\monthly_trend.png
2025-03-13 08:10:26,801 - bank_statement_parser - INFO - Отчет о расходах сохранен в reports/bank_analytics/test\spending_report.json
2025-03-13 08:18:51,176 - __main__ - INFO - Тестовые транзакции сохранены в static/bank_statements/test_transactions.csv
2025-03-13 08:18:51,192 - __main__ - INFO - Текстовое представление выписки сохранено в static/bank_statements/test_statement.txt
2025-03-13 08:18:51,192 - bank_statement_parser - INFO - Инициализирован парсер банковских выписок с кэшем в директории: bank_statements_cache
2025-03-13 08:18:51,417 - bank_statement_parser - INFO - График сохранен в reports/bank_analytics/test\category_spending.png
2025-03-13 08:18:51,722 - bank_statement_parser - INFO - График сохранен в reports/bank_analytics/test\monthly_trend.png
2025-03-13 08:18:51,725 - bank_statement_parser - INFO - Отчет о расходах сохранен в reports/bank_analytics/test\spending_report.json
2025-03-13 08:20:20,319 - __main__ - INFO - Тестовые транзакции сохранены в static/bank_statements/test_transactions.csv
2025-03-13 08:20:20,333 - __main__ - INFO - Текстовое представление выписки сохранено в static/bank_statements/test_statement.txt
2025-03-13 08:20:20,334 - bank_statement_parser - INFO - Инициализирован парсер банковских выписок с кэшем в директории: bank_statements_cache
2025-03-13 08:21:34,431 - __main__ - INFO - Тестовые транзакции сохранены в static/bank_statements/test_transactions.csv
2025-03-13 08:21:34,445 - __main__ - INFO - Текстовое представление выписки сохранено в static/bank_statements/test_statement.txt
2025-03-13 08:21:34,445 - bank_statement_parser - INFO - Инициализирован парсер банковских выписок с кэшем в директории: bank_statements_cache
2025-03-13 08:21:34,454 - bank_statement_parser - INFO - Извлечено 200 транзакций из текста выписки
2025-03-13 08:21:34,654 - bank_statement_parser - INFO - График сохранен в reports/bank_analytics/test\category_spending.png
2025-03-13 08:21:35,016 - bank_statement_parser - INFO - График сохранен в reports/bank_analytics/test\monthly_trend.png
2025-03-13 08:21:35,020 - bank_statement_parser - INFO - Отчет о расходах сохранен в reports/bank_analytics/test\spending_report.json
2025-03-13 08:38:58,860 - __main__ - INFO - Тестовые транзакции сохранены в static/bank_statements/test_transactions.csv
2025-03-13 08:38:58,874 - __main__ - INFO - Текстовое представление выписки сохранено в static/bank_statements/test_statement.txt
2025-03-13 08:38:58,874 - bank_statement_parser - INFO - Инициализирован парсер банковских выписок с кэшем в директории: bank_statements_cache
2025-03-13 08:38:58,878 - bank_statement_parser - INFO - Извлечено 200 транзакций из текста выписки
2025-03-13 08:38:59,073 - bank_statement_parser - INFO - График сохранен в reports/bank_analytics/test\category_spending.png
2025-03-13 08:38:59,395 - bank_statement_parser - INFO - График сохранен в reports/bank_analytics/test\monthly_trend.png
2025-03-13 08:38:59,395 - bank_statement_parser - INFO - Отчет о расходах сохранен в reports/bank_analytics/test\spending_report.json
2025-03-13 08:42:00,693 - bank_statement_parser - INFO - Инициализирован парсер банковских выписок с кэшем в директории: bank_statements_cache
2025-03-13 08:42:00,695 - bank_statement_parser - WARNING - Не удалось найти таблицу с транзакциями в тексте выписки
2025-03-13 09:40:17,146 - bank_statement_parser - INFO - Инициализирован парсер банковских выписок с кэшем в директории: bank_statements_cache
2025-03-13 09:40:17,146 - bank_statement_parser - WARNING - Не удалось найти таблицу с транзакциями в тексте выписки
2025-03-13 09:40:24,413 - bank_statement_parser - INFO - Инициализирован парсер банковских выписок с кэшем в директории: bank_statements_cache
2025-03-13 09:40:24,415 - bank_statement_parser - WARNING - Не удалось найти таблицу с транзакциями в тексте выписки
2025-03-13 09:41:15,555 - bank_statement_parser - INFO - Инициализирован парсер банковских выписок с кэшем в директории: bank_statements_cache
2025-03-13 09:42:14,089 - bank_statement_parser - INFO - Инициализирован парсер банковских выписок с кэшем в директории: bank_statements_cache
2025-03-13 09:42:14,090 - __main__ - ERROR - Произошла ошибка при тестировании: [Errno 2] No such file or directory: 'static/bank_statements/examples/tinkoff_example.txt'
Traceback (most recent call last):
  File "C:\Users\opton\Downloads\pinterest_parser-main\test_real_statement.py", line 41, in test_real_statement
    with open(test_file_path, 'r', encoding='utf-8') as f:
FileNotFoundError: [Errno 2] No such file or directory: 'static/bank_statements/examples/tinkoff_example.txt'
2025-03-13 10:13:49,364 - bank_statement_parser - INFO - Инициализирован парсер банковских выписок с кэшем в директории: bank_statements_cache
2025-03-13 10:13:50,474 - bank_statement_parser - INFO - Инициализирован парсер банковских выписок с кэшем в директории: bank_statements_cache
2025-03-13 10:13:50,510 - bank_statement_parser - INFO - Инициализирован парсер банковских выписок с кэшем в директории: bank_statements_cache
2025-03-13 10:22:24,770 - bank_statement_parser - INFO - Инициализирован парсер банковских выписок с кэшем в директории: bank_statements_cache
2025-03-13 10:22:25,927 - bank_statement_parser - INFO - Инициализирован парсер банковских выписок с кэшем в директории: bank_statements_cache
2025-03-13 10:22:25,966 - bank_statement_parser - INFO - Инициализирован парсер банковских выписок с кэшем в директории: bank_statements_cache
2025-03-13 11:08:47,520 - bank_statement_parser - INFO - Инициализирован парсер банковских выписок с кэшем в директории: bank_statements_cache
2025-03-13 11:08:48,636 - bank_statement_parser - INFO - Инициализирован парсер банковских выписок с кэшем в директории: bank_statements_cache
2025-03-13 11:08:48,688 - bank_statement_parser - INFO - Инициализирован парсер банковских выписок с кэшем в директории: bank_statements_cache
2025-03-13 13:37:13,094 - bank_statement_parser - INFO - Инициализирован парсер банковских выписок с кэшем в директории: bank_statements_cache
2025-03-13 13:37:13,134 - bank_statement_parser - INFO - Инициализирован парсер банковских выписок с кэшем в директории: bank_statements_cache
