2025-03-13 08:21:34,445 - bank_statement_parser - INFO - Инициализирован парсер банковских выписок с кэшем в директории: bank_statements_cache
2025-03-13 08:21:34,454 - bank_statement_parser - INFO - Извлечено 200 транзакций из текста выписки
2025-03-13 08:21:34,654 - bank_statement_parser - INFO - График сохранен в reports/bank_analytics/test\category_spending.png
2025-03-13 08:21:35,016 - bank_statement_parser - INFO - График сохранен в reports/bank_analytics/test\monthly_trend.png
2025-03-13 08:21:35,020 - bank_statement_parser - INFO - Отчет о расходах сохранен в reports/bank_analytics/test\spending_report.json
2025-03-13 08:38:58,874 - bank_statement_parser - INFO - Инициализирован парсер банковских выписок с кэшем в директории: bank_statements_cache
2025-03-13 08:38:58,878 - bank_statement_parser - INFO - Извлечено 200 транзакций из текста выписки
2025-03-13 08:38:59,073 - bank_statement_parser - INFO - График сохранен в reports/bank_analytics/test\category_spending.png
2025-03-13 08:38:59,395 - bank_statement_parser - INFO - График сохранен в reports/bank_analytics/test\monthly_trend.png
2025-03-13 08:38:59,395 - bank_statement_parser - INFO - Отчет о расходах сохранен в reports/bank_analytics/test\spending_report.json
2025-03-13 08:42:00,693 - bank_statement_parser - INFO - Инициализирован парсер банковских выписок с кэшем в директории: bank_statements_cache
2025-03-13 08:42:00,695 - bank_statement_parser - WARNING - Не удалось найти таблицу с транзакциями в тексте выписки
2025-03-13 09:40:17,146 - bank_statement_parser - INFO - Инициализирован парсер банковских выписок с кэшем в директории: bank_statements_cache
2025-03-13 09:40:17,146 - bank_statement_parser - WARNING - Не удалось найти таблицу с транзакциями в тексте выписки
2025-03-13 09:40:24,413 - bank_statement_parser - INFO - Инициализирован парсер банковских выписок с кэшем в директории: bank_statements_cache
2025-03-13 09:40:24,415 - bank_statement_parser - WARNING - Не удалось найти таблицу с транзакциями в тексте выписки
2025-03-13 09:41:15,555 - bank_statement_parser - INFO - Инициализирован парсер банковских выписок с кэшем в директории: bank_statements_cache
2025-03-13 09:42:14,089 - bank_statement_parser - INFO - Инициализирован парсер банковских выписок с кэшем в директории: bank_statements_cache
2025-03-13 10:13:49,364 - bank_statement_parser - INFO - Инициализирован парсер банковских выписок с кэшем в директории: bank_statements_cache
2025-03-13 10:13:50,474 - bank_statement_parser - INFO - Инициализирован парсер банковских выписок с кэшем в директории: bank_statements_cache
2025-03-13 10:13:50,510 - bank_statement_parser - INFO - Инициализирован парсер банковских выписок с кэшем в директории: bank_statements_cache
2025-03-13 10:22:24,770 - bank_statement_parser - INFO - Инициализирован парсер банковских выписок с кэшем в директории: bank_statements_cache
2025-03-13 10:22:25,927 - bank_statement_parser - INFO - Инициализирован парсер банковских выписок с кэшем в директории: bank_statements_cache
2025-03-13 10:22:25,966 - bank_statement_parser - INFO - Инициализирован парсер банковских выписок с кэшем в директории: bank_statements_cache
2025-03-13 11:08:47,520 - bank_statement_parser - INFO - Инициализирован парсер банковских выписок с кэшем в директории: bank_statements_cache
2025-03-13 11:08:48,636 - bank_statement_parser - INFO - Инициализирован парсер банковских выписок с кэшем в директории: bank_statements_cache
2025-03-13 11:08:48,688 - bank_statement_parser - INFO - Инициализирован парсер банковских выписок с кэшем в директории: bank_statements_cache
2025-03-13 13:37:13,094 - bank_statement_parser - INFO - Инициализирован парсер банковских выписок с кэшем в директории: bank_statements_cache
2025-03-13 13:37:13,134 - bank_statement_parser - INFO - Инициализирован парсер банковских выписок с кэшем в директории: bank_statements_cache
2025-03-13 13:42:25,803 - bank_statement_parser - INFO - Инициализирован парсер банковских выписок с кэшем в директории: bank_statements_cache
2025-03-13 13:47:55,865 - bank_statement_parser - INFO - Инициализирован парсер банковских выписок с кэшем в директории: bank_statements_cache
2025-03-13 13:51:49,896 - bank_statement_parser - INFO - Инициализирован парсер банковских выписок с кэшем в директории: bank_statements_cache
2025-03-13 13:53:31,305 - bank_statement_parser - INFO - Инициализирован парсер банковских выписок с кэшем в директории: bank_statements_cache
2025-03-13 14:06:44,724 - bank_statement_parser - INFO - Инициализирован парсер банковских выписок с кэшем в директории: bank_statements_cache
2025-03-13 14:11:31,992 - bank_statement_parser - INFO - Инициализирован парсер банковских выписок с кэшем в директории: bank_statements_cache
2025-03-13 14:13:52,541 - bank_statement_parser - INFO - Инициализирован парсер банковских выписок с кэшем в директории: bank_statements_cache
2025-03-13 14:18:57,774 - bank_statement_parser - INFO - Инициализирован парсер банковских выписок с кэшем в директории: bank_statements_cache
2025-03-13 14:22:53,476 - bank_statement_parser - INFO - Инициализирован парсер банковских выписок с кэшем в директории: bank_statements_cache
2025-03-13 14:31:26,295 - bank_statement_parser - INFO - Инициализирован парсер банковских выписок с кэшем в директории: bank_statements_cache
2025-03-13 14:43:11,771 - bank_statement_parser - INFO - Инициализирован парсер банковских выписок с кэшем в директории: bank_statements_cache
2025-03-13 14:49:56,256 - bank_statement_parser - INFO - Инициализирован парсер банковских выписок с кэшем в директории: bank_statements_cache
2025-03-13 14:54:06,188 - bank_statement_parser - INFO - Инициализирован парсер банковских выписок с кэшем в директории: bank_statements_cache
2025-03-13 15:13:15,611 - bank_statement_parser - INFO - Инициализирован парсер банковских выписок с кэшем в директории: bank_statements_cache
2025-03-13 15:21:29,177 - bank_statement_parser - INFO - Инициализирован парсер банковских выписок с кэшем в директории: bank_statements_cache
2025-03-13 15:38:15,771 - bank_statement_parser - INFO - Инициализирован парсер банковских выписок с кэшем в директории: bank_statements_cache
2025-03-13 16:08:27,661 - bank_statement_parser - INFO - Инициализирован парсер банковских выписок с кэшем в директории: bank_statements_cache
2025-03-13 16:26:03,520 - bank_statement_parser - INFO - Инициализирован парсер банковских выписок с кэшем в директории: bank_statements_cache
2025-03-13 16:29:45,008 - bank_statement_parser - INFO - Инициализирован парсер банковских выписок с кэшем в директории: bank_statements_cache
2025-03-13 16:50:46,884 - bank_statement_parser - INFO - Инициализирован парсер банковских выписок с кэшем в директории: bank_statements_cache
2025-03-13 16:52:59,760 - bank_statement_parser - INFO - Инициализирован парсер банковских выписок с кэшем в директории: bank_statements_cache
2025-03-13 16:55:54,541 - bank_statement_parser - INFO - Инициализирован парсер банковских выписок с кэшем в директории: bank_statements_cache
2025-03-13 17:04:30,978 - bank_statement_parser - INFO - Инициализирован парсер банковских выписок с кэшем в директории: bank_statements_cache
2025-03-13 17:10:19,809 - bank_statement_parser - INFO - Инициализирован парсер банковских выписок с кэшем в директории: bank_statements_cache
2025-03-14 01:54:02,018 - bank_statement_parser - INFO - Инициализирован парсер банковских выписок с кэшем в директории: bank_statements_cache
2025-03-14 01:56:10,413 - bank_statement_parser - INFO - Инициализирован парсер банковских выписок с кэшем в директории: bank_statements_cache
2025-03-14 01:59:29,979 - bank_statement_parser - INFO - Инициализирован парсер банковских выписок с кэшем в директории: bank_statements_cache
2025-03-14 02:12:50,330 - bank_statement_parser - INFO - Инициализирован парсер банковских выписок с кэшем в директории: bank_statements_cache
2025-03-14 02:24:36,800 - bank_statement_parser - INFO - Инициализирован парсер банковских выписок с кэшем в директории: bank_statements_cache
2025-03-14 03:25:13,167 - bank_statement_parser - INFO - Инициализирован парсер банковских выписок с кэшем в директории: bank_statements_cache
2025-03-14 03:28:08,795 - bank_statement_parser - INFO - Инициализирован парсер банковских выписок с кэшем в директории: bank_statements_cache
2025-03-14 03:36:11,775 - bank_statement_parser - INFO - Инициализирован парсер банковских выписок с кэшем в директории: bank_statements_cache
2025-03-14 03:39:03,289 - bank_statement_parser - INFO - Инициализирован парсер банковских выписок с кэшем в директории: bank_statements_cache
2025-03-14 03:50:15,924 - bank_statement_parser - INFO - Инициализирован парсер банковских выписок с кэшем в директории: bank_statements_cache
2025-03-14 04:19:38,766 - bank_statement_parser - INFO - Инициализирован парсер банковских выписок с кэшем в директории: bank_statements_cache
